2016-04-12T13:59:23.077844Z 0 [Warning] TIMESTAMP with implicit DEFAULT value is deprecated. Please use --explicit_defaults_for_timestamp server option (see documentation for more details).
2016-04-12T13:59:23.077844Z 0 [Warning] 'NO_AUTO_CREATE_USER' sql mode was not set.
2016-04-12T13:59:23.077844Z 0 [Warning] Insecure configuration for --secure-file-priv: Current value does not restrict location of generated files. Consider setting it to a valid, non-empty path.
2016-04-12T13:59:23.077844Z 0 [Note] mysqld.exe (mysqld 5.7.12) starting as process 4260 ...
2016-04-12T13:59:23.291651Z 0 [Note] InnoDB: Mutexes and rw_locks use Windows interlocked functions
2016-04-12T13:59:23.291651Z 0 [Note] InnoDB: Uses event mutexes
2016-04-12T13:59:23.291651Z 0 [Note] InnoDB: Memory barrier is not used
2016-04-12T13:59:23.291651Z 0 [Note] InnoDB: Compressed tables use zlib 1.2.3
2016-04-12T13:59:23.291651Z 0 [Note] InnoDB: Number of pools: 1
2016-04-12T13:59:23.291651Z 0 [Note] InnoDB: Not using CPU crc32 instructions
2016-04-12T13:59:23.322910Z 0 [Note] InnoDB: Initializing buffer pool, total size = 128M, instances = 1, chunk size = 128M
2016-04-12T13:59:23.338530Z 0 [Note] InnoDB: Completed initialization of buffer pool
2016-04-12T13:59:27.701114Z 0 [Note] InnoDB: Highest supported file format is Barracuda.
2016-04-12T13:59:54.144378Z 0 [Note] InnoDB: Creating shared tablespace for temporary tables
2016-04-12T13:59:54.145379Z 0 [Note] InnoDB: Setting file '.\ibtmp1' size to 12 MB. Physically writing the file full; Please wait ...
2016-04-12T13:59:54.534691Z 0 [Note] InnoDB: File '.\ibtmp1' size is now 12 MB.
2016-04-12T13:59:54.583719Z 0 [Note] InnoDB: 96 redo rollback segment(s) found. 96 redo rollback segment(s) are active.
2016-04-12T13:59:54.584720Z 0 [Note] InnoDB: 32 non-redo rollback segment(s) are active.
2016-04-12T13:59:54.586722Z 0 [Note] InnoDB: Waiting for purge to start
2016-04-12T13:59:54.638611Z 0 [Note] InnoDB: page_cleaner: 1000ms intended loop took 31300ms. The settings might not be optimal. (flushed=0 and evicted=0, during the time.)
2016-04-12T13:59:54.810516Z 0 [Note] InnoDB: 5.7.12 started; log sequence number 2525806
2016-04-12T13:59:54.811516Z 0 [Note] InnoDB: Loading buffer pool(s) from D:\umi.cms\ultrapack\files\components\mysql\data\ib_buffer_pool
2016-04-12T13:59:54.811516Z 0 [Note] Plugin 'FEDERATED' is disabled.
2016-04-12T13:59:55.305760Z 0 [Warning] Failed to set up SSL because of the following SSL library error: SSL context is not usable without certificate and private key
2016-04-12T13:59:55.310763Z 0 [Note] Server hostname (bind-address): '*'; port: 3306
2016-04-12T13:59:55.311763Z 0 [Note] IPv6 is available.
2016-04-12T13:59:55.311763Z 0 [Note]   - '::' resolves to '::';
2016-04-12T13:59:55.311763Z 0 [Note] Server socket created on IP: '::'.
2016-04-12T13:59:55.402824Z 0 [Note] InnoDB: Buffer pool(s) load completed at 160412 16:59:55
2016-04-12T14:00:02.172736Z 0 [Note] Event Scheduler: Loaded 0 events
2016-04-12T14:00:02.173737Z 0 [Note] mysqld.exe: ready for connections.
Version: '5.7.12'  socket: ''  port: 3306  MySQL Community Server (GPL)
2016-04-12T14:02:36.848160Z 3 [Note] Access denied for user 'umi'@'localhost' (using password: NO)
2016-04-12T14:02:46.658475Z 0 [Note] mysqld.exe: Normal shutdown

2016-04-12T14:02:46.658475Z 0 [Note] Giving 0 client threads a chance to die gracefully
2016-04-12T14:02:46.659477Z 0 [Note] Shutting down slave threads
2016-04-12T14:02:46.667224Z 0 [Note] Forcefully disconnecting 0 remaining clients
2016-04-12T14:02:46.670290Z 0 [Note] Event Scheduler: Purging the queue. 0 events
2016-04-12T14:02:46.670290Z 0 [Note] Binlog end
2016-04-12T14:02:46.671292Z 0 [Note] Shutting down plugin 'ngram'
2016-04-12T14:02:46.672292Z 0 [Note] Shutting down plugin 'partition'
2016-04-12T14:02:46.672292Z 0 [Note] Shutting down plugin 'BLACKHOLE'
2016-04-12T14:02:46.672292Z 0 [Note] Shutting down plugin 'ARCHIVE'
2016-04-12T14:02:46.673293Z 0 [Note] Shutting down plugin 'PERFORMANCE_SCHEMA'
2016-04-12T14:02:46.673293Z 0 [Note] Shutting down plugin 'MRG_MYISAM'
2016-04-12T14:02:46.673293Z 0 [Note] Shutting down plugin 'MyISAM'
2016-04-12T14:02:46.674329Z 0 [Note] Shutting down plugin 'INNODB_SYS_VIRTUAL'
2016-04-12T14:02:46.674329Z 0 [Note] Shutting down plugin 'INNODB_SYS_DATAFILES'
2016-04-12T14:02:46.674329Z 0 [Note] Shutting down plugin 'INNODB_SYS_TABLESPACES'
2016-04-12T14:02:46.675331Z 0 [Note] Shutting down plugin 'INNODB_SYS_FOREIGN_COLS'
2016-04-12T14:02:46.675331Z 0 [Note] Shutting down plugin 'INNODB_SYS_FOREIGN'
2016-04-12T14:02:46.676331Z 0 [Note] Shutting down plugin 'INNODB_SYS_FIELDS'
2016-04-12T14:02:46.676331Z 0 [Note] Shutting down plugin 'INNODB_SYS_COLUMNS'
2016-04-12T14:02:46.676331Z 0 [Note] Shutting down plugin 'INNODB_SYS_INDEXES'
2016-04-12T14:02:46.677332Z 0 [Note] Shutting down plugin 'INNODB_SYS_TABLESTATS'
2016-04-12T14:02:46.677332Z 0 [Note] Shutting down plugin 'INNODB_SYS_TABLES'
2016-04-12T14:02:46.677332Z 0 [Note] Shutting down plugin 'INNODB_FT_INDEX_TABLE'
2016-04-12T14:02:46.678332Z 0 [Note] Shutting down plugin 'INNODB_FT_INDEX_CACHE'
2016-04-12T14:02:46.678332Z 0 [Note] Shutting down plugin 'INNODB_FT_CONFIG'
2016-04-12T14:02:46.679355Z 0 [Note] Shutting down plugin 'INNODB_FT_BEING_DELETED'
2016-04-12T14:02:46.679355Z 0 [Note] Shutting down plugin 'INNODB_FT_DELETED'
2016-04-12T14:02:46.679355Z 0 [Note] Shutting down plugin 'INNODB_FT_DEFAULT_STOPWORD'
2016-04-12T14:02:46.679355Z 0 [Note] Shutting down plugin 'INNODB_METRICS'
2016-04-12T14:02:46.680358Z 0 [Note] Shutting down plugin 'INNODB_TEMP_TABLE_INFO'
2016-04-12T14:02:46.680358Z 0 [Note] Shutting down plugin 'INNODB_BUFFER_POOL_STATS'
2016-04-12T14:02:46.680358Z 0 [Note] Shutting down plugin 'INNODB_BUFFER_PAGE_LRU'
2016-04-12T14:02:46.680358Z 0 [Note] Shutting down plugin 'INNODB_BUFFER_PAGE'
2016-04-12T14:02:46.681359Z 0 [Note] Shutting down plugin 'INNODB_CMP_PER_INDEX_RESET'
2016-04-12T14:02:46.681359Z 0 [Note] Shutting down plugin 'INNODB_CMP_PER_INDEX'
2016-04-12T14:02:46.681359Z 0 [Note] Shutting down plugin 'INNODB_CMPMEM_RESET'
2016-04-12T14:02:46.682359Z 0 [Note] Shutting down plugin 'INNODB_CMPMEM'
2016-04-12T14:02:46.682359Z 0 [Note] Shutting down plugin 'INNODB_CMP_RESET'
2016-04-12T14:02:46.682359Z 0 [Note] Shutting down plugin 'INNODB_CMP'
2016-04-12T14:02:46.682359Z 0 [Note] Shutting down plugin 'INNODB_LOCK_WAITS'
2016-04-12T14:02:46.683360Z 0 [Note] Shutting down plugin 'INNODB_LOCKS'
2016-04-12T14:02:46.683360Z 0 [Note] Shutting down plugin 'INNODB_TRX'
2016-04-12T14:02:46.683360Z 0 [Note] Shutting down plugin 'InnoDB'
2016-04-12T14:02:46.683360Z 0 [Note] InnoDB: FTS optimize thread exiting.
2016-04-12T14:02:46.684376Z 0 [Note] InnoDB: Starting shutdown...
2016-04-12T14:02:46.785322Z 0 [Note] InnoDB: Dumping buffer pool(s) to D:\umi.cms\ultrapack\files\components\mysql\data\ib_buffer_pool
2016-04-12T14:02:46.788669Z 0 [Note] InnoDB: Buffer pool(s) dump completed at 160412 17:02:46
2016-04-12T14:02:48.009642Z 0 [Note] InnoDB: Shutdown completed; log sequence number 2525834
2016-04-12T14:02:48.010641Z 0 [Note] InnoDB: Removed temporary tablespace data file: "ibtmp1"
2016-04-12T14:02:48.010641Z 0 [Note] Shutting down plugin 'MEMORY'
2016-04-12T14:02:48.010641Z 0 [Note] Shutting down plugin 'CSV'
2016-04-12T14:02:48.011642Z 0 [Note] Shutting down plugin 'sha256_password'
2016-04-12T14:02:48.011642Z 0 [Note] Shutting down plugin 'mysql_native_password'
2016-04-12T14:02:48.011642Z 0 [Note] Shutting down plugin 'binlog'
2016-04-12T14:02:48.012653Z 0 [Note] mysqld.exe: Shutdown complete

